Skipping image OS validation for hb__log-report: docker inspect returned 1
Collecting main service artifacts
Failed to download artifact '/app/report.json' from service 'main' (best-effort)
Traceback (most recent call last):
  File "C:\Users\abhib\AppData\Roaming\uv\tools\harbor\Lib\site-packages\harbor\trial\artifact_handler.py", line 330, in _download_artifact
    await source_env.service_download_file(
    ...<3 lines>...
    )
  File "C:\Users\abhib\AppData\Roaming\uv\tools\harbor\Lib\site-packages\harbor\environments\docker\docker.py", line 721, in service_download_file
    await self.download_file(source_path, target_path)
  File "C:\Users\abhib\AppData\Roaming\uv\tools\harbor\Lib\site-packages\harbor\environments\docker\docker.py", line 706, in download_file
    await self._platform.download_file(source_path, target_path)
  File "C:\Users\abhib\AppData\Roaming\uv\tools\harbor\Lib\site-packages\harbor\environments\docker\docker_unix.py", line 56, in download_file
    await self._env._run_docker_compose_command(
    ...<2 lines>...
    )
  File "C:\Users\abhib\AppData\Roaming\uv\tools\harbor\Lib\site-packages\harbor\environments\docker\docker.py", line 419, in _run_docker_compose_command
    raise RuntimeError(
    ...<5 lines>...
    )
RuntimeError: Docker compose command failed for environment log-report. Command: docker compose --project-name projd_assess__xfxqvs7 --project-directory C:\Users\abhib\Desktop\projd_assess\environment -f C:\Users\abhib\AppData\Local\Temp\tmpuadxfcle\projd_assess__XFxqvs7-docker-compose-resources.json -f C:\Users\abhib\AppData\Roaming\uv\tools\harbor\Lib\site-packages\harbor\environments\docker\docker-compose-build.yaml -f C:\Users\abhib\AppData\Local\Temp\tmpk5aan4gt\docker-compose-mounts.json cp main:/app/report.json trials\projd_assess__XFxqvs7\artifacts\app\report.json. Return code: 1. Stdout:  projd_assess__xfxqvs7-main-1 copy projd_assess__xfxqvs7-main-1:/app/report.json to trials\projd_assess__XFxqvs7\artifacts\app\report.json Copying
Error response from daemon: Could not find the file /app/report.json in container 9672af9c2fdf2779218903649543b0894dd07f6b160296653e343016149e66aa
. Stderr: None. 
Skipping image OS validation for hb__log-report: docker inspect returned 1
Trial projd_assess__XFxqvs7 failed: No reward file found at trials\projd_assess__XFxqvs7\verifier\reward.txt or trials\projd_assess__XFxqvs7\verifier\reward.json
